2024-09-07 18:53:28,301:DEBUG:certbot._internal.main:certbot version: 2.11.0
2024-09-07 18:53:28,301:DEBUG:certbot._internal.main:Location of certbot entry point: /usr/local/bin/certbot
2024-09-07 18:53:28,301:DEBUG:certbot._internal.main:Arguments: ['--webroot', '--webroot-path', '/var/www/certbot/', '--preferred-challenges', 'http', '-d', 'qina.sk']
2024-09-07 18:53:28,302:DEBUG:certbot._internal.main:Discovered plugins: PluginsRegistry(PluginEntryPoint#manual,PluginEntryPoint#null,PluginEntryPoint#standalone,PluginEntryPoint#webroot)
2024-09-07 18:53:28,323:DEBUG:certbot._internal.log:Root logging level set at 30
2024-09-07 18:53:28,325:DEBUG:certbot._internal.plugins.selection:Requested authenticator webroot and installer None
2024-09-07 18:53:28,326:DEBUG:certbot._internal.plugins.selection:Single candidate plugin: * webroot
Description: Saves the necessary validation files to a .well-known/acme-challenge/ directory within the nominated webroot path. A seperate HTTP server must be running and serving files from the webroot path. HTTP challenge only (wildcards not supported).
Interfaces: Authenticator, Plugin
Entry point: EntryPoint(name='webroot', value='certbot._internal.plugins.webroot:Authenticator', group='certbot.plugins')
Initialized: <certbot._internal.plugins.webroot.Authenticator object at 0x7f4d10984d70>
Prep: True
2024-09-07 18:53:28,326:DEBUG:certbot._internal.plugins.selection:Selected authenticator <certbot._internal.plugins.webroot.Authenticator object at 0x7f4d10984d70> and installer None
2024-09-07 18:53:28,327:INFO:certbot._internal.plugins.selection:Plugins selected: Authenticator webroot, Installer None
2024-09-07 18:53:28,392:DEBUG:certbot._internal.main:Picked account: <Account(RegistrationResource(body=Registration(key=None, contact=(), agreement=None, status=None, terms_of_service_agreed=None, only_return_existing=None, external_account_binding=None), uri='https://acme-v02.api.letsencrypt.org/acme/acct/1920151726', new_authzr_uri=None, terms_of_service=None), 567e5224aa8c5796de269695613773d3, Meta(creation_dt=datetime.datetime(2024, 8, 30, 22, 23, 46, tzinfo=<UTC>), creation_host='b1ef6c74a8f9', register_to_eff=None))>
2024-09-07 18:53:28,394:DEBUG:acme.client:Sending GET request to https://acme-v02.api.letsencrypt.org/directory.
2024-09-07 18:53:28,396:DEBUG:urllib3.connectionpool:Starting new HTTPS connection (1): acme-v02.api.letsencrypt.org:443
2024-09-07 18:53:28,525:DEBUG:urllib3.connectionpool:https://acme-v02.api.letsencrypt.org:443 "GET /directory HTTP/1.1" 200 746
2024-09-07 18:53:28,526:DEBUG:acme.client:Received response:
HTTP 200
Server: nginx
Date: Sat, 07 Sep 2024 18:53:28 GMT
Content-Type: application/json
Content-Length: 746
Connection: keep-alive
Cache-Control: public, max-age=0, no-cache
X-Frame-Options: DENY
Strict-Transport-Security: max-age=604800

{
  "cigwBufueJM": "https://community.letsencrypt.org/t/adding-random-entries-to-the-directory/33417",
  "keyChange": "https://acme-v02.api.letsencrypt.org/acme/key-change",
  "meta": {
    "caaIdentities": [
      "letsencrypt.org"
    ],
    "termsOfService": "https://letsencrypt.org/documents/LE-SA-v1.4-April-3-2024.pdf",
    "website": "https://letsencrypt.org"
  },
  "newAccount": "https://acme-v02.api.letsencrypt.org/acme/new-acct",
  "newNonce": "https://acme-v02.api.letsencrypt.org/acme/new-nonce",
  "newOrder": "https://acme-v02.api.letsencrypt.org/acme/new-order",
  "renewalInfo": "https://acme-v02.api.letsencrypt.org/draft-ietf-acme-ari-03/renewalInfo",
  "revokeCert": "https://acme-v02.api.letsencrypt.org/acme/revoke-cert"
}
2024-09-07 18:53:28,547:DEBUG:urllib3.connectionpool:Starting new HTTP connection (1): e6.o.lencr.org:80
2024-09-07 18:53:28,641:DEBUG:urllib3.connectionpool:http://e6.o.lencr.org:80 "POST / HTTP/1.1" 200 344
2024-09-07 18:53:28,642:DEBUG:certbot.ocsp:OCSP response for certificate /etc/letsencrypt/archive/qina.sk/cert1.pem is signed by the certificate's issuer.
2024-09-07 18:53:28,645:DEBUG:certbot.ocsp:OCSP certificate status for /etc/letsencrypt/archive/qina.sk/cert1.pem is: OCSPCertStatus.GOOD
2024-09-07 18:53:28,650:DEBUG:certbot._internal.display.obj:Notifying user: Certificate not yet due for renewal
2024-09-07 18:53:39,805:INFO:certbot._internal.main:Keeping the existing certificate
2024-09-07 18:53:39,805:DEBUG:certbot._internal.display.obj:Notifying user: Certificate not yet due for renewal; no action taken.
